2026-01-18 11:43:04,609 - INFO - Loaded 8160 additional posts from checkpoint_195.json
2026-01-18 11:43:53,621 - INFO - Found 26 new posts
2026-01-18 11:43:58,943 - INFO - Found 27 new posts
2026-01-18 11:44:03,717 - INFO - Found 49 new posts
2026-01-18 11:44:08,497 - INFO - Found 53 new posts
2026-01-18 11:44:12,351 - INFO - Found 52 new posts
2026-01-18 11:44:19,190 - INFO - Found 54 new posts
2026-01-18 11:44:23,328 - INFO - Found 50 new posts
2026-01-18 11:44:28,859 - INFO - Found 55 new posts
2026-01-18 11:44:31,858 - INFO - Found 50 new posts
2026-01-18 11:44:37,641 - INFO - Found 21 new posts
2026-01-18 11:44:41,840 - INFO - Found 8 new posts
2026-01-18 11:44:46,461 - INFO - Found 10 new posts
2026-01-18 11:44:48,077 - INFO - After deduplication: 8592 posts
2026-01-18 12:12:42,106 - INFO - Loaded 8592 posts from materias_backup.json
2026-01-18 12:12:42,248 - INFO - Loaded 23 additional posts from checkpoint_195.json
2026-01-18 12:13:03,452 - INFO - Found 0 new posts
2026-01-18 12:13:07,927 - INFO - Found 0 new posts
2026-01-18 12:13:12,643 - INFO - Found 0 new posts
2026-01-18 12:13:16,404 - INFO - Found 0 new posts
2026-01-18 12:13:16,580 - INFO - After deduplication: 8592 posts
2026-01-18 13:29:16,511 - INFO - Imported 7076 posts from checkpoint_page_160.json
2026-01-18 13:29:16,553 - INFO - Imported 7076 posts from checkpoint_page_160.json
2026-01-18 13:30:19,929 - INFO - Imported 7076 posts from checkpoint_page_160.json
2026-01-18 13:30:19,935 - INFO - Imported 7076 posts from checkpoint_page_160.json
2026-01-18 13:31:26,920 - INFO - Imported 8160 posts from checkpoint_page_195.json
2026-01-18 13:31:26,927 - INFO - Imported 8160 posts from checkpoint_page_195.json
2026-01-18 13:32:30,729 - INFO - Imported 8592 posts from materias_backup.json
2026-01-18 13:32:30,738 - INFO - Imported 8592 posts from materias_backup.json
2026-01-18 13:32:30,738 - INFO - Imported 23828 posts from checkpoint files
2026-01-18 13:32:30,743 - INFO - Loaded 0 existing posts from database
2026-01-18 13:33:36,691 - INFO - Page 1: http://www.vermelhodepaixao.com.br/search?max-results=56
2026-01-18 13:33:39,958 - INFO - Page 1: 56 new posts | Total: 0 | Time: 0h4m
2026-01-18 13:33:39,959 - INFO - Page 2: http://www.vermelhodepaixao.com.br/search?updated-max=2024-04-01T17:45:00-03:00&max-results=56&start=56&by-date=false
2026-01-18 13:33:43,925 - INFO - Page 2: 56 new posts | Total: 0 | Time: 0h4m
2026-01-18 13:33:43,926 - INFO - Page 3: http://www.vermelhodepaixao.com.br/search?updated-max=2024-03-23T08:13:00-03:00&max-results=56&start=112&by-date=false
2026-01-18 13:33:46,881 - INFO - Page 3: 56 new posts | Total: 0 | Time: 0h4m
2026-01-18 13:33:46,882 - INFO - Page 4: http://www.vermelhodepaixao.com.br/search?updated-max=2024-03-15T18:51:00-03:00&max-results=56&start=168&by-date=false
2026-01-18 13:33:50,773 - INFO - Page 4: 56 new posts | Total: 0 | Time: 0h4m
2026-01-18 13:33:50,774 - INFO - Page 5: http://www.vermelhodepaixao.com.br/search?updated-max=2024-03-08T17:27:00-03:00&max-results=56&start=224&by-date=false
2026-01-18 13:33:53,742 - INFO - Page 5: 52 new posts | Total: 0 | Time: 0h4m
2026-01-18 13:33:53,744 - INFO - Page 6: http://www.vermelhodepaixao.com.br/search?updated-max=2024-03-03T09:56:00-03:00&max-results=56&start=276&by-date=false
2026-01-18 13:33:57,391 - INFO - Page 6: 56 new posts | Total: 0 | Time: 0h4m
2026-01-18 13:33:57,392 - INFO - Page 7: http://www.vermelhodepaixao.com.br/search?updated-max=2024-02-22T22:31:00-03:00&max-results=56&start=332&by-date=false
2026-01-18 13:33:59,334 - INFO - Scraping interrupted by user
2026-01-18 13:33:59,337 - INFO - Progress saved
2026-01-18 13:33:59,388 - INFO - Exported 0 posts to materias.js
2026-01-18 13:33:59,391 - INFO - Exported 0 posts to materias.js
2026-01-18 13:42:05,959 - ERROR - Error importing materias_backup.json: table posts has no column named original_id
2026-01-18 13:42:06,061 - INFO - Imported 0 posts from materias_backup.json
2026-01-18 13:42:06,569 - ERROR - Error importing checkpoint_page_195.json: table posts has no column named original_id
2026-01-18 13:42:06,575 - INFO - Imported 0 posts from checkpoint_page_195.json
2026-01-18 13:42:07,757 - ERROR - Error importing checkpoint_page_160.json: table posts has no column named original_id
2026-01-18 13:42:07,762 - INFO - Imported 0 posts from checkpoint_page_160.json
2026-01-18 13:42:08,264 - INFO - Loaded 0 existing posts from database
2026-01-18 13:42:46,830 - INFO - Starting from oldest checkpoint URL: http://www.vermelhodepaixao.com.br/search?updated-max=2014-06-26T05:48:00-03:00&max-results=56&start=17929&by-date=false
2026-01-18 13:42:58,771 - INFO - Page 1: http://www.vermelhodepaixao.com.br/search?updated-max=2014-06-26T05:48:00-03:00&max-results=56&start=17929&by-date=false
2026-01-18 13:43:02,604 - ERROR - Error during scraping: table posts has no column named original_id
2026-01-18 13:43:02,775 - INFO - Progress saved
2026-01-18 13:43:02,785 - INFO - Progress saved
